{"C:\\205395\\GS traning\\tmp\\ReactReduxAssignment\\financial-portfolio\\src\\App.tsx": {"path":"C:\\205395\\GS traning\\tmp\\ReactReduxAssignment\\financial-portfolio\\src\\App.tsx","all":false,"statementMap":{"0":{"start":{"line":1,"column":0},"end":{"line":1,"column":19}},"2":{"start":{"line":3,"column":0},"end":{"line":3,"column":67}},"6":{"start":{"line":7,"column":0},"end":{"line":7,"column":26}},"7":{"start":{"line":8,"column":0},"end":{"line":8,"column":33}},"8":{"start":{"line":9,"column":0},"end":{"line":9,"column":35}},"9":{"start":{"line":10,"column":0},"end":{"line":10,"column":44}},"10":{"start":{"line":11,"column":0},"end":{"line":11,"column":13}},"11":{"start":{"line":12,"column":0},"end":{"line":12,"column":21}},"12":{"start":{"line":13,"column":0},"end":{"line":13,"column":8}}},"s":{"0":1,"2":1,"6":1,"7":4,"8":4,"9":4,"10":4,"11":4,"12":4},"branchMap":{"0":{"type":"branch","line":7,"loc":{"start":{"line":7,"column":19},"end":{"line":13,"column":8}},"locations":[{"start":{"line":7,"column":19},"end":{"line":13,"column":8}}]}},"b":{"0":[4]},"fnMap":{"0":{"name":"App","decl":{"start":{"line":7,"column":19},"end":{"line":13,"column":8}},"loc":{"start":{"line":7,"column":19},"end":{"line":13,"column":8}},"line":7}},"f":{"0":4}}
,"C:\\205395\\GS traning\\tmp\\ReactReduxAssignment\\financial-portfolio\\src\\main.tsx": {"path":"C:\\205395\\GS traning\\tmp\\ReactReduxAssignment\\financial-portfolio\\src\\main.tsx","all":true,"statementMap":{"0":{"start":{"line":1,"column":0},"end":{"line":1,"column":34}},"1":{"start":{"line":2,"column":0},"end":{"line":2,"column":45}},"2":{"start":{"line":3,"column":0},"end":{"line":3,"column":38}},"3":{"start":{"line":4,"column":0},"end":{"line":4,"column":27}},"4":{"start":{"line":5,"column":0},"end":{"line":5,"column":35}},"5":{"start":{"line":6,"column":0},"end":{"line":6,"column":20}},"6":{"start":{"line":7,"column":0},"end":{"line":7,"column":0}},"7":{"start":{"line":8,"column":0},"end":{"line":8,"column":49}},"8":{"start":{"line":9,"column":0},"end":{"line":9,"column":0}},"9":{"start":{"line":10,"column":0},"end":{"line":10,"column":16}},"10":{"start":{"line":11,"column":0},"end":{"line":11,"column":38}},"11":{"start":{"line":12,"column":0},"end":{"line":12,"column":0}},"12":{"start":{"line":13,"column":0},"end":{"line":13,"column":14}},"13":{"start":{"line":14,"column":0},"end":{"line":14,"column":16}},"14":{"start":{"line":15,"column":0},"end":{"line":15,"column":30}},"15":{"start":{"line":16,"column":0},"end":{"line":16,"column":15}},"16":{"start":{"line":17,"column":0},"end":{"line":17,"column":17}},"17":{"start":{"line":18,"column":0},"end":{"line":18,"column":18}},"18":{"start":{"line":19,"column":0},"end":{"line":19,"column":3}},"19":{"start":{"line":20,"column":0},"end":{"line":20,"column":8}},"20":{"start":{"line":21,"column":0},"end":{"line":21,"column":18}},"21":{"start":{"line":22,"column":0},"end":{"line":22,"column":148}},"22":{"start":{"line":23,"column":0},"end":{"line":23,"column":3}},"23":{"start":{"line":24,"column":0},"end":{"line":24,"column":1}}},"s":{"0":0,"1":0,"2":0,"3":0,"4":0,"5":0,"6":0,"7":0,"8":0,"9":0,"10":0,"11":0,"12":0,"13":0,"14":0,"15":0,"16":0,"17":0,"18":0,"19":0,"20":0,"21":0,"22":0,"23":0},"branchMap":{"0":{"type":"branch","line":1,"loc":{"start":{"line":1,"column":0},"end":{"line":24,"column":1}},"locations":[{"start":{"line":1,"column":0},"end":{"line":24,"column":1}}]}},"b":{"0":[0]},"fnMap":{"0":{"name":"(empty-report)","decl":{"start":{"line":1,"column":0},"end":{"line":24,"column":1}},"loc":{"start":{"line":1,"column":0},"end":{"line":24,"column":1}},"line":1}},"f":{"0":0}}
,"C:\\205395\\GS traning\\tmp\\ReactReduxAssignment\\financial-portfolio\\src\\app\\hooks.ts": {"path":"C:\\205395\\GS traning\\tmp\\ReactReduxAssignment\\financial-portfolio\\src\\app\\hooks.ts","all":false,"statementMap":{"6":{"start":{"line":7,"column":0},"end":{"line":7,"column":54}},"10":{"start":{"line":11,"column":0},"end":{"line":11,"column":66}},"11":{"start":{"line":12,"column":0},"end":{"line":12,"column":64}}},"s":{"6":1,"10":1,"11":1},"branchMap":{},"b":{},"fnMap":{},"f":{}}
,"C:\\205395\\GS traning\\tmp\\ReactReduxAssignment\\financial-portfolio\\src\\app\\store.ts": {"path":"C:\\205395\\GS traning\\tmp\\ReactReduxAssignment\\financial-portfolio\\src\\app\\store.ts","all":false,"statementMap":{"0":{"start":{"line":1,"column":0},"end":{"line":1,"column":65}},"1":{"start":{"line":2,"column":0},"end":{"line":2,"column":70}},"4":{"start":{"line":5,"column":0},"end":{"line":5,"column":50}},"10":{"start":{"line":11,"column":0},"end":{"line":11,"column":65}},"11":{"start":{"line":12,"column":0},"end":{"line":12,"column":18}},"12":{"start":{"line":13,"column":0},"end":{"line":13,"column":25}},"13":{"start":{"line":14,"column":0},"end":{"line":14,"column":19}},"14":{"start":{"line":15,"column":0},"end":{"line":15,"column":5}},"17":{"start":{"line":18,"column":0},"end":{"line":18,"column":33}}},"s":{"0":1,"1":1,"4":1,"10":1,"11":7,"12":7,"13":7,"14":7,"17":1},"branchMap":{"0":{"type":"branch","line":11,"loc":{"start":{"line":11,"column":25},"end":{"line":15,"column":5}},"locations":[{"start":{"line":11,"column":25},"end":{"line":15,"column":5}}]}},"b":{"0":[7]},"fnMap":{"0":{"name":"makeStore","decl":{"start":{"line":11,"column":25},"end":{"line":15,"column":5}},"loc":{"start":{"line":11,"column":25},"end":{"line":15,"column":5}},"line":11}},"f":{"0":7}}
,"C:\\205395\\GS traning\\tmp\\ReactReduxAssignment\\financial-portfolio\\src\\app\\withTypes.ts": {"path":"C:\\205395\\GS traning\\tmp\\ReactReduxAssignment\\financial-portfolio\\src\\app\\withTypes.ts","all":false,"statementMap":{"0":{"start":{"line":1,"column":0},"end":{"line":1,"column":51}},"7":{"start":{"line":8,"column":0},"end":{"line":8,"column":63}},"10":{"start":{"line":11,"column":0},"end":{"line":11,"column":4}}},"s":{"0":1,"7":1,"10":1},"branchMap":{},"b":{},"fnMap":{},"f":{}}
,"C:\\205395\\GS traning\\tmp\\ReactReduxAssignment\\financial-portfolio\\src\\components\\Loader.tsx": {"path":"C:\\205395\\GS traning\\tmp\\ReactReduxAssignment\\financial-portfolio\\src\\components\\Loader.tsx","all":false,"statementMap":{"1":{"start":{"line":2,"column":0},"end":{"line":2,"column":34}},"2":{"start":{"line":3,"column":0},"end":{"line":3,"column":10}},"3":{"start":{"line":4,"column":0},"end":{"line":4,"column":6}},"4":{"start":{"line":5,"column":0},"end":{"line":5,"column":28}},"5":{"start":{"line":6,"column":0},"end":{"line":6,"column":18}},"6":{"start":{"line":7,"column":0},"end":{"line":7,"column":7}},"8":{"start":{"line":9,"column":0},"end":{"line":9,"column":1}}},"s":{"1":5,"2":5,"3":5,"4":5,"5":5,"6":5,"8":5},"branchMap":{"0":{"type":"branch","line":2,"loc":{"start":{"line":2,"column":0},"end":{"line":9,"column":1}},"locations":[{"start":{"line":2,"column":0},"end":{"line":9,"column":1}}]}},"b":{"0":[5]},"fnMap":{"0":{"name":"Loader","decl":{"start":{"line":2,"column":0},"end":{"line":9,"column":1}},"loc":{"start":{"line":2,"column":0},"end":{"line":9,"column":1}},"line":2}},"f":{"0":5}}
,"C:\\205395\\GS traning\\tmp\\ReactReduxAssignment\\financial-portfolio\\src\\features\\portfolio\\FilterBar.tsx": {"path":"C:\\205395\\GS traning\\tmp\\ReactReduxAssignment\\financial-portfolio\\src\\features\\portfolio\\FilterBar.tsx","all":false,"statementMap":{"0":{"start":{"line":1,"column":0},"end":{"line":1,"column":77}},"1":{"start":{"line":2,"column":0},"end":{"line":2,"column":45}},"3":{"start":{"line":4,"column":0},"end":{"line":4,"column":35}},"4":{"start":{"line":5,"column":0},"end":{"line":5,"column":8}},"5":{"start":{"line":6,"column":0},"end":{"line":6,"column":11}},"6":{"start":{"line":7,"column":0},"end":{"line":7,"column":4}},"9":{"start":{"line":10,"column":0},"end":{"line":10,"column":4}},"10":{"start":{"line":11,"column":0},"end":{"line":11,"column":10}},"11":{"start":{"line":12,"column":0},"end":{"line":12,"column":39}},"12":{"start":{"line":13,"column":0},"end":{"line":13,"column":39}},"13":{"start":{"line":14,"column":0},"end":{"line":14,"column":13}},"14":{"start":{"line":15,"column":0},"end":{"line":15,"column":25}},"15":{"start":{"line":16,"column":0},"end":{"line":16,"column":32}},"16":{"start":{"line":17,"column":0},"end":{"line":17,"column":41}},"17":{"start":{"line":18,"column":0},"end":{"line":18,"column":70}},"18":{"start":{"line":19,"column":0},"end":{"line":19,"column":21}},"19":{"start":{"line":20,"column":0},"end":{"line":20,"column":16}},"21":{"start":{"line":22,"column":0},"end":{"line":22,"column":44}},"22":{"start":{"line":23,"column":0},"end":{"line":23,"column":42}},"23":{"start":{"line":24,"column":0},"end":{"line":24,"column":18}},"24":{"start":{"line":25,"column":0},"end":{"line":25,"column":19}},"25":{"start":{"line":26,"column":0},"end":{"line":26,"column":11}},"26":{"start":{"line":27,"column":0},"end":{"line":27,"column":15}},"27":{"start":{"line":28,"column":0},"end":{"line":28,"column":10}},"29":{"start":{"line":30,"column":0},"end":{"line":30,"column":1}}},"s":{"0":1,"1":1,"3":13,"4":13,"5":13,"6":13,"9":13,"10":13,"11":13,"12":13,"13":13,"14":13,"15":13,"16":13,"17":13,"18":13,"19":13,"21":13,"22":52,"23":52,"24":52,"25":13,"26":13,"27":13,"29":13},"branchMap":{"0":{"type":"branch","line":4,"loc":{"start":{"line":4,"column":0},"end":{"line":30,"column":1}},"locations":[{"start":{"line":4,"column":0},"end":{"line":30,"column":1}}]},"1":{"type":"branch","line":18,"loc":{"start":{"line":18,"column":18},"end":{"line":18,"column":70}},"locations":[{"start":{"line":18,"column":18},"end":{"line":18,"column":70}}]},"2":{"type":"branch","line":22,"loc":{"start":{"line":22,"column":35},"end":{"line":25,"column":19}},"locations":[{"start":{"line":22,"column":35},"end":{"line":25,"column":19}}]}},"b":{"0":[13],"1":[1],"2":[52]},"fnMap":{"0":{"name":"FilterBar","decl":{"start":{"line":4,"column":0},"end":{"line":30,"column":1}},"loc":{"start":{"line":4,"column":0},"end":{"line":30,"column":1}},"line":4},"1":{"name":"onChange","decl":{"start":{"line":18,"column":18},"end":{"line":18,"column":70}},"loc":{"start":{"line":18,"column":18},"end":{"line":18,"column":70}},"line":18}},"f":{"0":13,"1":1}}
,"C:\\205395\\GS traning\\tmp\\ReactReduxAssignment\\financial-portfolio\\src\\features\\portfolio\\PortfolioList.tsx": {"path":"C:\\205395\\GS traning\\tmp\\ReactReduxAssignment\\financial-portfolio\\src\\features\\portfolio\\PortfolioList.tsx","all":false,"statementMap":{"0":{"start":{"line":1,"column":0},"end":{"line":1,"column":53}},"1":{"start":{"line":2,"column":0},"end":{"line":2,"column":65}},"2":{"start":{"line":3,"column":0},"end":{"line":3,"column":8}},"14":{"start":{"line":15,"column":0},"end":{"line":15,"column":45}},"15":{"start":{"line":16,"column":0},"end":{"line":16,"column":36}},"16":{"start":{"line":17,"column":0},"end":{"line":17,"column":49}},"17":{"start":{"line":18,"column":0},"end":{"line":18,"column":48}},"19":{"start":{"line":20,"column":0},"end":{"line":20,"column":29}},"22":{"start":{"line":23,"column":0},"end":{"line":23,"column":76}},"23":{"start":{"line":24,"column":0},"end":{"line":24,"column":64}},"24":{"start":{"line":25,"column":0},"end":{"line":25,"column":21}},"25":{"start":{"line":26,"column":0},"end":{"line":26,"column":40}},"27":{"start":{"line":28,"column":0},"end":{"line":28,"column":43}},"29":{"start":{"line":30,"column":0},"end":{"line":30,"column":2}},"31":{"start":{"line":32,"column":0},"end":{"line":32,"column":24}},"32":{"start":{"line":33,"column":0},"end":{"line":33,"column":26}},"33":{"start":{"line":34,"column":0},"end":{"line":34,"column":10}},"34":{"start":{"line":35,"column":0},"end":{"line":35,"column":4}},"37":{"start":{"line":38,"column":0},"end":{"line":38,"column":7}},"38":{"start":{"line":39,"column":0},"end":{"line":39,"column":10}},"39":{"start":{"line":40,"column":0},"end":{"line":40,"column":59}},"41":{"start":{"line":42,"column":0},"end":{"line":42,"column":12}},"42":{"start":{"line":43,"column":0},"end":{"line":43,"column":13}},"44":{"start":{"line":45,"column":0},"end":{"line":45,"column":2}},"46":{"start":{"line":47,"column":0},"end":{"line":47,"column":36}},"47":{"start":{"line":48,"column":0},"end":{"line":48,"column":87}},"48":{"start":{"line":49,"column":0},"end":{"line":49,"column":57}},"49":{"start":{"line":50,"column":0},"end":{"line":50,"column":43}},"50":{"start":{"line":51,"column":0},"end":{"line":51,"column":47}},"51":{"start":{"line":52,"column":0},"end":{"line":52,"column":66}},"52":{"start":{"line":53,"column":0},"end":{"line":53,"column":47}},"53":{"start":{"line":54,"column":0},"end":{"line":54,"column":40}},"55":{"start":{"line":56,"column":0},"end":{"line":56,"column":32}},"57":{"start":{"line":58,"column":0},"end":{"line":58,"column":32}},"58":{"start":{"line":59,"column":0},"end":{"line":59,"column":4}},"60":{"start":{"line":61,"column":0},"end":{"line":61,"column":44}},"61":{"start":{"line":62,"column":0},"end":{"line":62,"column":56}},"62":{"start":{"line":63,"column":0},"end":{"line":63,"column":24}},"63":{"start":{"line":64,"column":0},"end":{"line":64,"column":12}},"64":{"start":{"line":65,"column":0},"end":{"line":65,"column":71}},"65":{"start":{"line":66,"column":0},"end":{"line":66,"column":5}},"66":{"start":{"line":67,"column":0},"end":{"line":67,"column":36}},"68":{"start":{"line":69,"column":0},"end":{"line":69,"column":19}},"69":{"start":{"line":70,"column":0},"end":{"line":70,"column":47}},"70":{"start":{"line":71,"column":0},"end":{"line":71,"column":33}},"71":{"start":{"line":72,"column":0},"end":{"line":72,"column":25}},"73":{"start":{"line":74,"column":0},"end":{"line":74,"column":48}},"74":{"start":{"line":75,"column":0},"end":{"line":75,"column":15}},"76":{"start":{"line":77,"column":0},"end":{"line":77,"column":19}},"77":{"start":{"line":78,"column":0},"end":{"line":78,"column":28}},"78":{"start":{"line":79,"column":0},"end":{"line":79,"column":34}},"79":{"start":{"line":80,"column":0},"end":{"line":80,"column":5}},"81":{"start":{"line":82,"column":0},"end":{"line":82,"column":15}},"83":{"start":{"line":84,"column":0},"end":{"line":84,"column":19}},"84":{"start":{"line":85,"column":0},"end":{"line":85,"column":13}},"85":{"start":{"line":86,"column":0},"end":{"line":86,"column":18}},"86":{"start":{"line":87,"column":0},"end":{"line":87,"column":76}},"87":{"start":{"line":88,"column":0},"end":{"line":88,"column":8}},"88":{"start":{"line":89,"column":0},"end":{"line":89,"column":6}},"90":{"start":{"line":91,"column":0},"end":{"line":91,"column":27}},"92":{"start":{"line":93,"column":0},"end":{"line":93,"column":28}},"94":{"start":{"line":95,"column":0},"end":{"line":95,"column":67}},"95":{"start":{"line":96,"column":0},"end":{"line":96,"column":3}},"97":{"start":{"line":98,"column":0},"end":{"line":98,"column":29}},"98":{"start":{"line":99,"column":0},"end":{"line":99,"column":22}},"99":{"start":{"line":100,"column":0},"end":{"line":100,"column":3}},"101":{"start":{"line":102,"column":0},"end":{"line":102,"column":10}},"102":{"start":{"line":103,"column":0},"end":{"line":103,"column":6}},"103":{"start":{"line":104,"column":0},"end":{"line":104,"column":47}},"104":{"start":{"line":105,"column":0},"end":{"line":105,"column":57}},"105":{"start":{"line":106,"column":0},"end":{"line":106,"column":50}},"106":{"start":{"line":107,"column":0},"end":{"line":107,"column":12}},"107":{"start":{"line":108,"column":0},"end":{"line":108,"column":13}},"108":{"start":{"line":109,"column":0},"end":{"line":109,"column":15}},"109":{"start":{"line":110,"column":0},"end":{"line":110,"column":14}},"110":{"start":{"line":111,"column":0},"end":{"line":111,"column":37}},"111":{"start":{"line":112,"column":0},"end":{"line":112,"column":37}},"112":{"start":{"line":113,"column":0},"end":{"line":113,"column":48}},"113":{"start":{"line":114,"column":0},"end":{"line":114,"column":44}},"114":{"start":{"line":115,"column":0},"end":{"line":115,"column":38}},"115":{"start":{"line":116,"column":0},"end":{"line":116,"column":15}},"116":{"start":{"line":117,"column":0},"end":{"line":117,"column":16}},"117":{"start":{"line":118,"column":0},"end":{"line":118,"column":15}},"118":{"start":{"line":119,"column":0},"end":{"line":119,"column":40}},"119":{"start":{"line":120,"column":0},"end":{"line":120,"column":65}},"120":{"start":{"line":121,"column":0},"end":{"line":121,"column":31}},"121":{"start":{"line":122,"column":0},"end":{"line":122,"column":31}},"122":{"start":{"line":123,"column":0},"end":{"line":123,"column":41}},"123":{"start":{"line":124,"column":0},"end":{"line":124,"column":64}},"124":{"start":{"line":125,"column":0},"end":{"line":125,"column":18}},"125":{"start":{"line":126,"column":0},"end":{"line":126,"column":22}},"126":{"start":{"line":127,"column":0},"end":{"line":127,"column":33}},"127":{"start":{"line":128,"column":0},"end":{"line":128,"column":50}},"128":{"start":{"line":129,"column":0},"end":{"line":129,"column":29}},"129":{"start":{"line":130,"column":0},"end":{"line":130,"column":58}},"130":{"start":{"line":131,"column":0},"end":{"line":131,"column":65}},"131":{"start":{"line":132,"column":0},"end":{"line":132,"column":18}},"132":{"start":{"line":133,"column":0},"end":{"line":133,"column":19}},"133":{"start":{"line":134,"column":0},"end":{"line":134,"column":17}},"134":{"start":{"line":135,"column":0},"end":{"line":135,"column":13}},"135":{"start":{"line":136,"column":0},"end":{"line":136,"column":16}},"136":{"start":{"line":137,"column":0},"end":{"line":137,"column":14}},"138":{"start":{"line":139,"column":0},"end":{"line":139,"column":31}},"139":{"start":{"line":140,"column":0},"end":{"line":140,"column":79}},"141":{"start":{"line":142,"column":0},"end":{"line":142,"column":7}},"143":{"start":{"line":144,"column":0},"end":{"line":144,"column":2}}},"s":{"0":1,"1":1,"2":1,"14":1,"15":1,"16":1,"17":1,"19":1,"22":1,"23":14,"24":14,"25":0,"27":14,"29":14,"31":1,"32":15,"33":15,"34":15,"37":15,"38":15,"39":15,"41":15,"42":15,"44":15,"46":1,"47":20,"48":20,"49":20,"50":20,"51":20,"52":20,"53":20,"55":20,"57":0,"58":0,"60":20,"61":8,"62":8,"63":8,"64":0,"65":0,"66":20,"68":20,"69":6,"70":0,"71":6,"73":6,"74":20,"76":20,"77":15,"78":5,"79":5,"81":20,"83":20,"84":8,"85":8,"86":8,"87":8,"88":8,"90":20,"92":20,"94":2,"95":2,"97":20,"98":5,"99":5,"101":13,"102":13,"103":13,"104":13,"105":13,"106":13,"107":13,"108":13,"109":13,"110":13,"111":13,"112":13,"113":13,"114":13,"115":13,"116":13,"117":13,"118":13,"119":14,"120":14,"121":14,"122":14,"123":14,"124":14,"125":14,"126":14,"127":14,"128":14,"129":14,"130":14,"131":14,"132":14,"133":14,"134":13,"135":13,"136":13,"138":13,"139":1,"141":20,"143":20},"branchMap":{"0":{"type":"branch","line":23,"loc":{"start":{"line":23,"column":30},"end":{"line":30,"column":2}},"locations":[{"start":{"line":23,"column":30},"end":{"line":30,"column":2}}]},"1":{"type":"branch","line":25,"loc":{"start":{"line":25,"column":16},"end":{"line":26,"column":40}},"locations":[{"start":{"line":25,"column":16},"end":{"line":26,"column":40}}]},"2":{"type":"branch","line":32,"loc":{"start":{"line":32,"column":22},"end":{"line":45,"column":2}},"locations":[{"start":{"line":32,"column":22},"end":{"line":45,"column":2}}]},"3":{"type":"branch","line":47,"loc":{"start":{"line":47,"column":29},"end":{"line":144,"column":2}},"locations":[{"start":{"line":47,"column":29},"end":{"line":144,"column":2}}]},"4":{"type":"branch","line":93,"loc":{"start":{"line":93,"column":27},"end":{"line":96,"column":3}},"locations":[{"start":{"line":93,"column":27},"end":{"line":96,"column":3}}]},"5":{"type":"branch","line":96,"loc":{"start":{"line":96,"column":2},"end":{"line":98,"column":28}},"locations":[{"start":{"line":96,"column":2},"end":{"line":98,"column":28}}]},"6":{"type":"branch","line":98,"loc":{"start":{"line":98,"column":28},"end":{"line":100,"column":3}},"locations":[{"start":{"line":98,"column":28},"end":{"line":100,"column":3}}]},"7":{"type":"branch","line":100,"loc":{"start":{"line":100,"column":2},"end":{"line":139,"column":31}},"locations":[{"start":{"line":100,"column":2},"end":{"line":139,"column":31}}]},"8":{"type":"branch","line":139,"loc":{"start":{"line":139,"column":25},"end":{"line":140,"column":79}},"locations":[{"start":{"line":139,"column":25},"end":{"line":140,"column":79}}]},"9":{"type":"branch","line":61,"loc":{"start":{"line":61,"column":37},"end":{"line":67,"column":5}},"locations":[{"start":{"line":61,"column":37},"end":{"line":67,"column":5}}]},"10":{"type":"branch","line":64,"loc":{"start":{"line":64,"column":4},"end":{"line":66,"column":5}},"locations":[{"start":{"line":64,"column":4},"end":{"line":66,"column":5}}]},"11":{"type":"branch","line":69,"loc":{"start":{"line":69,"column":12},"end":{"line":75,"column":5}},"locations":[{"start":{"line":69,"column":12},"end":{"line":75,"column":5}}]},"12":{"type":"branch","line":74,"loc":{"start":{"line":74,"column":11},"end":{"line":74,"column":48}},"locations":[{"start":{"line":74,"column":11},"end":{"line":74,"column":48}}]},"13":{"type":"branch","line":77,"loc":{"start":{"line":77,"column":12},"end":{"line":82,"column":5}},"locations":[{"start":{"line":77,"column":12},"end":{"line":82,"column":5}}]},"14":{"type":"branch","line":78,"loc":{"start":{"line":78,"column":27},"end":{"line":80,"column":5}},"locations":[{"start":{"line":78,"column":27},"end":{"line":80,"column":5}}]},"15":{"type":"branch","line":84,"loc":{"start":{"line":84,"column":12},"end":{"line":91,"column":5}},"locations":[{"start":{"line":84,"column":12},"end":{"line":91,"column":5}}]},"16":{"type":"branch","line":119,"loc":{"start":{"line":119,"column":34},"end":{"line":134,"column":17}},"locations":[{"start":{"line":119,"column":34},"end":{"line":134,"column":17}}]},"17":{"type":"branch","line":130,"loc":{"start":{"line":130,"column":41},"end":{"line":130,"column":56}},"locations":[{"start":{"line":130,"column":41},"end":{"line":130,"column":56}}]},"18":{"type":"branch","line":131,"loc":{"start":{"line":131,"column":28},"end":{"line":131,"column":65}},"locations":[{"start":{"line":131,"column":28},"end":{"line":131,"column":65}}]}},"b":{"0":[14],"1":[0],"2":[15],"3":[20],"4":[2],"5":[18],"6":[5],"7":[13],"8":[1],"9":[8],"10":[0],"11":[6],"12":[6],"13":[15],"14":[5],"15":[8],"16":[14],"17":[2],"18":[1]},"fnMap":{"0":{"name":"CalculateInvestedText","decl":{"start":{"line":23,"column":30},"end":{"line":30,"column":2}},"loc":{"start":{"line":23,"column":30},"end":{"line":30,"column":2}},"line":23},"1":{"name":"RefreshButton","decl":{"start":{"line":32,"column":22},"end":{"line":45,"column":2}},"loc":{"start":{"line":32,"column":22},"end":{"line":45,"column":2}},"line":32},"2":{"name":"PortfolioList","decl":{"start":{"line":47,"column":29},"end":{"line":144,"column":2}},"loc":{"start":{"line":47,"column":29},"end":{"line":144,"column":2}},"line":47},"3":{"name":"refreshHandler","decl":{"start":{"line":56,"column":25},"end":{"line":59,"column":4}},"loc":{"start":{"line":56,"column":25},"end":{"line":59,"column":4}},"line":56},"4":{"name":"onChange","decl":{"start":{"line":131,"column":28},"end":{"line":131,"column":65}},"loc":{"start":{"line":131,"column":28},"end":{"line":131,"column":65}},"line":131}},"f":{"0":14,"1":15,"2":20,"3":0,"4":1}}
,"C:\\205395\\GS traning\\tmp\\ReactReduxAssignment\\financial-portfolio\\src\\features\\portfolio\\SelectedSummary.tsx": {"path":"C:\\205395\\GS traning\\tmp\\ReactReduxAssignment\\financial-portfolio\\src\\features\\portfolio\\SelectedSummary.tsx","all":false,"statementMap":{"10":{"start":{"line":11,"column":0},"end":{"line":11,"column":70}},"11":{"start":{"line":12,"column":0},"end":{"line":12,"column":61}},"13":{"start":{"line":14,"column":0},"end":{"line":14,"column":76}},"14":{"start":{"line":15,"column":0},"end":{"line":15,"column":75}},"16":{"start":{"line":17,"column":0},"end":{"line":17,"column":41}},"17":{"start":{"line":18,"column":0},"end":{"line":18,"column":13}},"18":{"start":{"line":19,"column":0},"end":{"line":19,"column":11}},"19":{"start":{"line":20,"column":0},"end":{"line":20,"column":4}},"22":{"start":{"line":23,"column":0},"end":{"line":23,"column":4}},"23":{"start":{"line":24,"column":0},"end":{"line":24,"column":10}},"24":{"start":{"line":25,"column":0},"end":{"line":25,"column":63}},"25":{"start":{"line":26,"column":0},"end":{"line":26,"column":41}},"26":{"start":{"line":27,"column":0},"end":{"line":27,"column":15}},"27":{"start":{"line":28,"column":0},"end":{"line":28,"column":39}},"28":{"start":{"line":29,"column":0},"end":{"line":29,"column":60}},"29":{"start":{"line":30,"column":0},"end":{"line":30,"column":16}},"30":{"start":{"line":31,"column":0},"end":{"line":31,"column":14}},"32":{"start":{"line":33,"column":0},"end":{"line":33,"column":1}}},"s":{"10":1,"11":1,"13":1,"14":1,"16":1,"17":1,"18":1,"19":1,"22":1,"23":1,"24":1,"25":1,"26":1,"27":1,"28":1,"29":1,"30":1,"32":1},"branchMap":{"0":{"type":"branch","line":11,"loc":{"start":{"line":11,"column":24},"end":{"line":12,"column":61}},"locations":[{"start":{"line":11,"column":24},"end":{"line":12,"column":61}}]},"1":{"type":"branch","line":12,"loc":{"start":{"line":12,"column":43},"end":{"line":12,"column":61}},"locations":[{"start":{"line":12,"column":43},"end":{"line":12,"column":61}}]},"2":{"type":"branch","line":12,"loc":{"start":{"line":12,"column":18},"end":{"line":12,"column":40}},"locations":[{"start":{"line":12,"column":18},"end":{"line":12,"column":40}}]},"3":{"type":"branch","line":14,"loc":{"start":{"line":14,"column":23},"end":{"line":15,"column":75}},"locations":[{"start":{"line":14,"column":23},"end":{"line":15,"column":75}}]},"4":{"type":"branch","line":15,"loc":{"start":{"line":15,"column":18},"end":{"line":15,"column":72}},"locations":[{"start":{"line":15,"column":18},"end":{"line":15,"column":72}}]},"5":{"type":"branch","line":17,"loc":{"start":{"line":17,"column":0},"end":{"line":33,"column":1}},"locations":[{"start":{"line":17,"column":0},"end":{"line":33,"column":1}}]}},"b":{"0":[1],"1":[0],"2":[1],"3":[1],"4":[1],"5":[1]},"fnMap":{"0":{"name":"getCurrentValue","decl":{"start":{"line":11,"column":24},"end":{"line":12,"column":61}},"loc":{"start":{"line":11,"column":24},"end":{"line":12,"column":61}},"line":11},"1":{"name":"calculateTotal","decl":{"start":{"line":14,"column":23},"end":{"line":15,"column":75}},"loc":{"start":{"line":14,"column":23},"end":{"line":15,"column":75}},"line":14},"2":{"name":"SelectedSummary","decl":{"start":{"line":17,"column":0},"end":{"line":33,"column":1}},"loc":{"start":{"line":17,"column":0},"end":{"line":33,"column":1}},"line":17}},"f":{"0":1,"1":1,"2":1}}
,"C:\\205395\\GS traning\\tmp\\ReactReduxAssignment\\financial-portfolio\\src\\features\\portfolio\\portfolioSlice.ts": {"path":"C:\\205395\\GS traning\\tmp\\ReactReduxAssignment\\financial-portfolio\\src\\features\\portfolio\\portfolioSlice.ts","all":false,"statementMap":{"0":{"start":{"line":1,"column":0},"end":{"line":1,"column":8}},"6":{"start":{"line":7,"column":0},"end":{"line":7,"column":58}},"9":{"start":{"line":10,"column":0},"end":{"line":10,"column":38}},"10":{"start":{"line":11,"column":0},"end":{"line":11,"column":8}},"11":{"start":{"line":12,"column":0},"end":{"line":12,"column":10}},"12":{"start":{"line":13,"column":0},"end":{"line":13,"column":16}},"13":{"start":{"line":14,"column":0},"end":{"line":14,"column":9}},"14":{"start":{"line":15,"column":0},"end":{"line":15,"column":11}},"36":{"start":{"line":37,"column":0},"end":{"line":37,"column":61}},"38":{"start":{"line":39,"column":0},"end":{"line":39,"column":77}},"39":{"start":{"line":40,"column":0},"end":{"line":40,"column":17}},"40":{"start":{"line":41,"column":0},"end":{"line":41,"column":15}},"41":{"start":{"line":42,"column":0},"end":{"line":42,"column":3}},"43":{"start":{"line":44,"column":0},"end":{"line":44,"column":62}},"44":{"start":{"line":45,"column":0},"end":{"line":45,"column":47}},"47":{"start":{"line":48,"column":0},"end":{"line":48,"column":51}},"48":{"start":{"line":49,"column":0},"end":{"line":49,"column":49}},"49":{"start":{"line":50,"column":0},"end":{"line":50,"column":35}},"50":{"start":{"line":51,"column":0},"end":{"line":51,"column":2}},"52":{"start":{"line":53,"column":0},"end":{"line":53,"column":43}},"53":{"start":{"line":54,"column":0},"end":{"line":54,"column":20}},"54":{"start":{"line":55,"column":0},"end":{"line":55,"column":15}},"55":{"start":{"line":56,"column":0},"end":{"line":56,"column":24}},"56":{"start":{"line":57,"column":0},"end":{"line":57,"column":30}},"57":{"start":{"line":58,"column":0},"end":{"line":58,"column":58}},"58":{"start":{"line":59,"column":0},"end":{"line":59,"column":38}},"59":{"start":{"line":60,"column":0},"end":{"line":60,"column":8}},"60":{"start":{"line":61,"column":0},"end":{"line":61,"column":6}},"61":{"start":{"line":62,"column":0},"end":{"line":62,"column":32}},"62":{"start":{"line":63,"column":0},"end":{"line":63,"column":56}},"63":{"start":{"line":64,"column":0},"end":{"line":64,"column":40}},"64":{"start":{"line":65,"column":0},"end":{"line":65,"column":8}},"65":{"start":{"line":66,"column":0},"end":{"line":66,"column":6}},"66":{"start":{"line":67,"column":0},"end":{"line":67,"column":35}},"67":{"start":{"line":68,"column":0},"end":{"line":68,"column":54}},"68":{"start":{"line":69,"column":0},"end":{"line":69,"column":72}},"69":{"start":{"line":70,"column":0},"end":{"line":70,"column":25}},"70":{"start":{"line":71,"column":0},"end":{"line":71,"column":46}},"71":{"start":{"line":72,"column":0},"end":{"line":72,"column":16}},"72":{"start":{"line":73,"column":0},"end":{"line":73,"column":40}},"73":{"start":{"line":74,"column":0},"end":{"line":74,"column":9}},"74":{"start":{"line":75,"column":0},"end":{"line":75,"column":8}},"75":{"start":{"line":76,"column":0},"end":{"line":76,"column":6}},"76":{"start":{"line":77,"column":0},"end":{"line":77,"column":5}},"77":{"start":{"line":78,"column":0},"end":{"line":78,"column":29}},"79":{"start":{"line":80,"column":0},"end":{"line":80,"column":11}},"80":{"start":{"line":81,"column":0},"end":{"line":81,"column":50}},"81":{"start":{"line":82,"column":0},"end":{"line":82,"column":33}},"82":{"start":{"line":83,"column":0},"end":{"line":83,"column":8}},"83":{"start":{"line":84,"column":0},"end":{"line":84,"column":62}},"84":{"start":{"line":85,"column":0},"end":{"line":85,"column":35}},"86":{"start":{"line":87,"column":0},"end":{"line":87,"column":56}},"87":{"start":{"line":88,"column":0},"end":{"line":88,"column":8}},"88":{"start":{"line":89,"column":0},"end":{"line":89,"column":51}},"89":{"start":{"line":90,"column":0},"end":{"line":90,"column":32}},"90":{"start":{"line":91,"column":0},"end":{"line":91,"column":9}},"91":{"start":{"line":92,"column":0},"end":{"line":92,"column":4}},"93":{"start":{"line":94,"column":0},"end":{"line":94,"column":14}},"94":{"start":{"line":95,"column":0},"end":{"line":95,"column":37}},"95":{"start":{"line":96,"column":0},"end":{"line":96,"column":41}},"96":{"start":{"line":97,"column":0},"end":{"line":97,"column":4}},"97":{"start":{"line":98,"column":0},"end":{"line":98,"column":3}},"99":{"start":{"line":100,"column":0},"end":{"line":100,"column":57}},"100":{"start":{"line":101,"column":0},"end":{"line":101,"column":25}},"101":{"start":{"line":102,"column":0},"end":{"line":102,"column":67}},"102":{"start":{"line":103,"column":0},"end":{"line":103,"column":56}},"104":{"start":{"line":105,"column":0},"end":{"line":105,"column":14}},"105":{"start":{"line":106,"column":0},"end":{"line":106,"column":33}},"106":{"start":{"line":107,"column":0},"end":{"line":107,"column":34}},"109":{"start":{"line":110,"column":0},"end":{"line":110,"column":74}}},"s":{"0":1,"6":1,"9":1,"10":1,"11":1,"12":1,"13":1,"14":1,"36":1,"38":1,"39":1,"40":1,"41":1,"43":1,"44":5,"47":1,"48":1,"49":1,"50":1,"52":1,"53":1,"54":1,"55":1,"56":2,"57":2,"58":0,"59":0,"60":2,"61":2,"62":2,"63":8,"64":8,"65":2,"66":2,"67":2,"68":1,"69":1,"70":1,"71":1,"72":0,"73":0,"74":1,"75":2,"76":2,"77":1,"79":2,"80":2,"81":5,"82":2,"83":2,"84":3,"86":3,"87":2,"88":2,"89":2,"90":2,"91":2,"93":1,"94":1,"95":1,"96":1,"97":1,"99":1,"100":1,"101":1,"102":1,"104":1,"105":1,"106":1,"109":1},"branchMap":{"0":{"type":"branch","line":44,"loc":{"start":{"line":44,"column":30},"end":{"line":45,"column":47}},"locations":[{"start":{"line":44,"column":30},"end":{"line":45,"column":47}}]},"1":{"type":"branch","line":45,"loc":{"start":{"line":45,"column":37},"end":{"line":45,"column":45}},"locations":[{"start":{"line":45,"column":37},"end":{"line":45,"column":45}}]},"2":{"type":"branch","line":56,"loc":{"start":{"line":56,"column":12},"end":{"line":77,"column":5}},"locations":[{"start":{"line":56,"column":12},"end":{"line":77,"column":5}}]},"3":{"type":"branch","line":63,"loc":{"start":{"line":63,"column":6},"end":{"line":65,"column":8}},"locations":[{"start":{"line":63,"column":6},"end":{"line":65,"column":8}}]},"4":{"type":"branch","line":68,"loc":{"start":{"line":68,"column":6},"end":{"line":75,"column":8}},"locations":[{"start":{"line":68,"column":6},"end":{"line":75,"column":8}}]},"5":{"type":"branch","line":72,"loc":{"start":{"line":72,"column":8},"end":{"line":74,"column":9}},"locations":[{"start":{"line":72,"column":8},"end":{"line":74,"column":9}}]},"6":{"type":"branch","line":78,"loc":{"start":{"line":78,"column":17},"end":{"line":92,"column":4}},"locations":[{"start":{"line":78,"column":17},"end":{"line":92,"column":4}}]},"7":{"type":"branch","line":81,"loc":{"start":{"line":81,"column":40},"end":{"line":83,"column":7}},"locations":[{"start":{"line":81,"column":40},"end":{"line":83,"column":7}}]},"8":{"type":"branch","line":84,"loc":{"start":{"line":84,"column":42},"end":{"line":88,"column":7}},"locations":[{"start":{"line":84,"column":42},"end":{"line":88,"column":7}}]},"9":{"type":"branch","line":89,"loc":{"start":{"line":89,"column":41},"end":{"line":91,"column":7}},"locations":[{"start":{"line":89,"column":41},"end":{"line":91,"column":7}}]},"10":{"type":"branch","line":95,"loc":{"start":{"line":95,"column":15},"end":{"line":95,"column":37}},"locations":[{"start":{"line":95,"column":15},"end":{"line":95,"column":37}}]},"11":{"type":"branch","line":96,"loc":{"start":{"line":96,"column":17},"end":{"line":96,"column":41}},"locations":[{"start":{"line":96,"column":17},"end":{"line":96,"column":41}}]},"12":{"type":"branch","line":110,"loc":{"start":{"line":110,"column":35},"end":{"line":110,"column":72}},"locations":[{"start":{"line":110,"column":35},"end":{"line":110,"column":72}}]}},"b":{"0":[5],"1":[3],"2":[2],"3":[8],"4":[1],"5":[0],"6":[2],"7":[5],"8":[3],"9":[2],"10":[29],"11":[29],"12":[26]},"fnMap":{"0":{"name":"fetchPortfoliosHelper","decl":{"start":{"line":44,"column":30},"end":{"line":45,"column":47}},"loc":{"start":{"line":44,"column":30},"end":{"line":45,"column":47}},"line":44},"1":{"name":"reducers","decl":{"start":{"line":56,"column":12},"end":{"line":77,"column":5}},"loc":{"start":{"line":56,"column":12},"end":{"line":77,"column":5}},"line":56},"2":{"name":"extraReducers","decl":{"start":{"line":78,"column":17},"end":{"line":92,"column":4}},"loc":{"start":{"line":78,"column":17},"end":{"line":92,"column":4}},"line":78},"3":{"name":"getStatus","decl":{"start":{"line":95,"column":15},"end":{"line":95,"column":37}},"loc":{"start":{"line":95,"column":15},"end":{"line":95,"column":37}},"line":95},"4":{"name":"getSelected","decl":{"start":{"line":96,"column":17},"end":{"line":96,"column":41}},"loc":{"start":{"line":96,"column":17},"end":{"line":96,"column":41}},"line":96}},"f":{"0":5,"1":2,"2":2,"3":29,"4":29}}
,"C:\\205395\\GS traning\\tmp\\ReactReduxAssignment\\financial-portfolio\\src\\utils\\test-utils.tsx": {"path":"C:\\205395\\GS traning\\tmp\\ReactReduxAssignment\\financial-portfolio\\src\\utils\\test-utils.tsx","all":false,"statementMap":{"1":{"start":{"line":2,"column":0},"end":{"line":2,"column":47}},"2":{"start":{"line":3,"column":0},"end":{"line":3,"column":51}},"4":{"start":{"line":5,"column":0},"end":{"line":5,"column":38}},"6":{"start":{"line":7,"column":0},"end":{"line":7,"column":40}},"43":{"start":{"line":44,"column":0},"end":{"line":44,"column":36}},"44":{"start":{"line":45,"column":0},"end":{"line":45,"column":19}},"45":{"start":{"line":46,"column":0},"end":{"line":46,"column":52}},"46":{"start":{"line":47,"column":0},"end":{"line":47,"column":6}},"47":{"start":{"line":48,"column":0},"end":{"line":48,"column":9}},"48":{"start":{"line":49,"column":0},"end":{"line":49,"column":24}},"50":{"start":{"line":51,"column":0},"end":{"line":51,"column":38}},"51":{"start":{"line":52,"column":0},"end":{"line":52,"column":20}},"52":{"start":{"line":53,"column":0},"end":{"line":53,"column":27}},"54":{"start":{"line":55,"column":0},"end":{"line":55,"column":56}},"55":{"start":{"line":56,"column":0},"end":{"line":56,"column":49}},"59":{"start":{"line":60,"column":0},"end":{"line":60,"column":10}},"60":{"start":{"line":61,"column":0},"end":{"line":61,"column":10}},"61":{"start":{"line":62,"column":0},"end":{"line":62,"column":28}},"62":{"start":{"line":63,"column":0},"end":{"line":63,"column":58}},"63":{"start":{"line":64,"column":0},"end":{"line":64,"column":3}},"64":{"start":{"line":65,"column":0},"end":{"line":65,"column":1}}},"s":{"1":1,"2":1,"4":1,"6":1,"43":1,"44":5,"45":5,"46":5,"47":5,"48":5,"50":5,"51":5,"52":5,"54":5,"55":5,"59":5,"60":5,"61":5,"62":5,"63":5,"64":5},"branchMap":{"0":{"type":"branch","line":44,"loc":{"start":{"line":44,"column":35},"end":{"line":65,"column":1}},"locations":[{"start":{"line":44,"column":35},"end":{"line":65,"column":1}}]},"1":{"type":"branch","line":55,"loc":{"start":{"line":55,"column":18},"end":{"line":56,"column":49}},"locations":[{"start":{"line":55,"column":18},"end":{"line":56,"column":49}}]}},"b":{"0":[5],"1":[5]},"fnMap":{"0":{"name":"renderWithProviders","decl":{"start":{"line":44,"column":35},"end":{"line":65,"column":1}},"loc":{"start":{"line":44,"column":35},"end":{"line":65,"column":1}},"line":44},"1":{"name":"Wrapper","decl":{"start":{"line":55,"column":18},"end":{"line":56,"column":49}},"loc":{"start":{"line":55,"column":18},"end":{"line":56,"column":49}},"line":55}},"f":{"0":5,"1":5}}
}
